[0510/162125.462:ERROR:process_memory_win.cc(73)] ReadMemory at 0x7ff768d70000 of 64 bytes failed: Solo se completó una parte de una solicitud ReadProcessMemory o WriteProcessMemory. (0x12B)
[0510/162125.599:WARNING:pe_image_reader.cc(340)] could not read dos header from C:\Program Files (x86)\Google\Chrome\Application\chrome.exe
[0510/162125.599:ERROR:process_memory_win.cc(73)] ReadMemory at 0x7ffcb7070000 of 64 bytes failed: Solo se completó una parte de una solicitud ReadProcessMemory o WriteProcessMemory. (0x12B)
[0510/162125.599:WARNING:pe_image_reader.cc(340)] could not read dos header from C:\WINDOWS\SYSTEM32\ntdll.dll
[0510/162125.599:ERROR:process_memory_win.cc(73)] ReadMemory at 0x7ffcb63c0000 of 64 bytes failed: Solo se completó una parte de una solicitud ReadProcessMemory o WriteProcessMemory. (0x12B)
[0510/162125.600:WARNING:pe_image_reader.cc(340)] could not read dos header from C:\WINDOWS\System32\KERNEL32.DLL
[0510/162125.600:ERROR:process_memory_win.cc(73)] ReadMemory at 0x7ffcb3200000 of 64 bytes failed: Solo se completó una parte de una solicitud ReadProcessMemory o WriteProcessMemory. (0x12B)
[0510/162125.600:WARNING:pe_image_reader.cc(340)] could not read dos header from C:\WINDOWS\System32\KERNELBASE.dll
[0510/162125.600:ERROR:process_memory_win.cc(73)] ReadMemory at 0x7ffcb09c0000 of 64 bytes failed: Solo se completó una parte de una solicitud ReadProcessMemory o WriteProcessMemory. (0x12B)
[0510/162125.600:WARNING:pe_image_reader.cc(340)] could not read dos header from C:\WINDOWS\SYSTEM32\apphelp.dll
[0510/162125.600:ERROR:process_memory_win.cc(73)] ReadMemory at 0x7ffcb4610000 of 64 bytes failed: Solo se completó una parte de una solicitud ReadProcessMemory o WriteProcessMemory. (0x12B)
[0510/162125.600:WARNING:pe_image_reader.cc(340)] could not read dos header from C:\WINDOWS\System32\SHELL32.dll
[0510/162125.600:ERROR:process_memory_win.cc(73)] ReadMemory at 0x7ffcb43b0000 of 64 bytes failed: Solo se completó una parte de una solicitud ReadProcessMemory o WriteProcessMemory. (0x12B)
[0510/162125.600:WARNING:pe_image_reader.cc(340)] could not read dos header from C:\WINDOWS\System32\msvcrt.dll
[0510/162125.600:ERROR:process_memory_win.cc(73)] ReadMemory at 0x7ffcb3190000 of 64 bytes failed: Solo se completó una parte de una solicitud ReadProcessMemory o WriteProcessMemory. (0x12B)
[0510/162125.600:WARNING:pe_image_reader.cc(340)] could not read dos header from C:\WINDOWS\System32\cfgmgr32.dll
[0510/162125.600:ERROR:process_memory_win.cc(73)] ReadMemory at 0x7ffcb41f0000 of 64 bytes failed: Solo se completó una parte de una solicitud ReadProcessMemory o WriteProcessMemory. (0x12B)
[0510/162125.600:WARNING:pe_image_reader.cc(340)] could not read dos header from C:\WINDOWS\System32\ucrtbase.dll
[0510/162125.600:ERROR:process_memory_win.cc(73)] ReadMemory at 0x7ffcb6db0000 of 64 bytes failed: Solo se completó una parte de una solicitud ReadProcessMemory o WriteProcessMemory. (0x12B)
[0510/162125.600:WARNING:pe_image_reader.cc(340)] could not read dos header from C:\WINDOWS\System32\shcore.dll
[0510/162125.600:ERROR:process_memory_win.cc(73)] ReadMemory at 0x7ffcb6c80000 of 64 bytes failed: Solo se completó una parte de una solicitud ReadProcessMemory o WriteProcessMemory. (0x12B)
[0510/162125.600:WARNING:pe_image_reader.cc(340)] could not read dos header from C:\WINDOWS\System32\RPCRT4.dll
[0510/162125.600:ERROR:process_memory_win.cc(73)] ReadMemory at 0x7ffcb6090000 of 64 bytes failed: Solo se completó una parte de una solicitud ReadProcessMemory o WriteProcessMemory. (0x12B)
[0510/162125.601:WARNING:pe_image_reader.cc(340)] could not read dos header from C:\WINDOWS\System32\combase.dll
[0510/162125.601:ERROR:process_memory_win.cc(73)] ReadMemory at 0x7ffcb4170000 of 64 bytes failed: Solo se completó una parte de una solicitud ReadProcessMemory o WriteProcessMemory. (0x12B)
[0510/162125.601:WARNING:pe_image_reader.cc(340)] could not read dos header from C:\WINDOWS\System32\bcryptPrimitives.dll
[0510/162125.601:ERROR:process_memory_win.cc(73)] ReadMemory at 0x7ffcb3a20000 of 64 bytes failed: Solo se completó una parte de una solicitud ReadProcessMemory o WriteProcessMemory. (0x12B)
[0510/162125.601:WARNING:pe_image_reader.cc(340)] could not read dos header from C:\WINDOWS\System32\windows.storage.dll
[0510/162125.601:ERROR:process_memory_win.cc(73)] ReadMemory at 0x7ffcb3920000 of 64 bytes failed: Solo se completó una parte de una solicitud ReadProcessMemory o WriteProcessMemory. (0x12B)
[0510/162125.601:WARNING:pe_image_reader.cc(340)] could not read dos header from C:\WINDOWS\System32\msvcp_win.dll
[0510/162125.601:ERROR:process_memory_win.cc(73)] ReadMemory at 0x7ffcb5b90000 of 64 bytes failed: Solo se completó una parte de una solicitud ReadProcessMemory o WriteProcessMemory. (0x12B)
[0510/162125.601:WARNING:pe_image_reader.cc(340)] could not read dos header from C:\WINDOWS\System32\sechost.dll
[0510/162125.601:ERROR:process_memory_win.cc(73)] ReadMemory at 0x7ffcb4300000 of 64 bytes failed: Solo se completó una parte de una solicitud ReadProcessMemory o WriteProcessMemory. (0x12B)
[0510/162125.601:WARNING:pe_image_reader.cc(340)] could not read dos header from C:\WINDOWS\System32\advapi32.dll
[0510/162125.601:ERROR:process_memory_win.cc(73)] ReadMemory at 0x7ffcb3160000 of 64 bytes failed: Solo se completó una parte de una solicitud ReadProcessMemory o WriteProcessMemory. (0x12B)
[0510/162125.601:WARNING:pe_image_reader.cc(340)] could not read dos header from C:\WINDOWS\System32\profapi.dll
[0510/162125.601:ERROR:process_memory_win.cc(73)] ReadMemory at 0x7ffcb3100000 of 64 bytes failed: Solo se completó una parte de una solicitud ReadProcessMemory o WriteProcessMemory. (0x12B)
[0510/162125.601:WARNING:pe_image_reader.cc(340)] could not read dos header from C:\WINDOWS\System32\powrprof.dll
[0510/162125.601:ERROR:process_memory_win.cc(73)] ReadMemory at 0x7ffcb6790000 of 64 bytes failed: Solo se completó una parte de una solicitud ReadProcessMemory o WriteProcessMemory. (0x12B)
[0510/162125.601:WARNING:pe_image_reader.cc(340)] could not read dos header from C:\WINDOWS\System32\shlwapi.dll
[0510/162125.601:ERROR:process_memory_win.cc(73)] ReadMemory at 0x1dbb7f40000 of 64 bytes failed: Solo se completó una parte de una solicitud ReadProcessMemory o WriteProcessMemory. (0x12B)
[0510/162125.601:WARNING:pe_image_reader.cc(340)] could not read dos header from C:\WINDOWS\System32\GDI32.dll
[0510/162125.601:ERROR:process_memory_win.cc(73)] ReadMemory at 0x7ffcb3550000 of 64 bytes failed: Solo se completó una parte de una solicitud ReadProcessMemory o WriteProcessMemory. (0x12B)
[0510/162125.601:WARNING:pe_image_reader.cc(340)] could not read dos header from C:\WINDOWS\System32\gdi32full.dll
[0510/162125.601:ERROR:process_memory_win.cc(73)] ReadMemory at 0x7ffcb64b0000 of 64 bytes failed: Solo se completó una parte de una solicitud ReadProcessMemory o WriteProcessMemory. (0x12B)
[0510/162125.601:WARNING:pe_image_reader.cc(340)] could not read dos header from C:\WINDOWS\System32\USER32.dll
[0510/162125.601:ERROR:process_memory_win.cc(73)] ReadMemory at 0x7ffcb31e0000 of 64 bytes failed: Solo se completó una parte de una solicitud ReadProcessMemory o WriteProcessMemory. (0x12B)
[0510/162125.602:WARNING:pe_image_reader.cc(340)] could not read dos header from C:\WINDOWS\System32\win32u.dll
[0510/162125.602:ERROR:process_memory_win.cc(73)] ReadMemory at 0x7ffcb30e0000 of 64 bytes failed: Solo se completó una parte de una solicitud ReadProcessMemory o WriteProcessMemory. (0x12B)
[0510/162125.602:WARNING:pe_image_reader.cc(340)] could not read dos header from C:\WINDOWS\System32\kernel.appcore.dll
[0510/162125.602:ERROR:process_memory_win.cc(73)] ReadMemory at 0x7ffcb3720000 of 64 bytes failed: Solo se completó una parte de una solicitud ReadProcessMemory o WriteProcessMemory. (0x12B)
[0510/162125.602:WARNING:pe_image_reader.cc(340)] could not read dos header from C:\WINDOWS\System32\cryptsp.dll
[0510/162125.602:ERROR:process_memory_win.cc(73)] ReadMemory at 0x7ffc81130000 of 64 bytes failed: Solo se completó una parte de una solicitud ReadProcessMemory o WriteProcessMemory. (0x12B)
[0510/162125.602:WARNING:pe_image_reader.cc(340)] could not read dos header from C:\Program Files (x86)\Google\Chrome\Application\74.0.3729.131\chrome_elf.dll
[0510/162125.602:ERROR:process_memory_win.cc(73)] ReadMemory at 0x7ffcab1f0000 of 64 bytes failed: Solo se completó una parte de una solicitud ReadProcessMemory o WriteProcessMemory. (0x12B)
[0510/162125.602:WARNING:pe_image_reader.cc(340)] could not read dos header from C:\WINDOWS\SYSTEM32\VERSION.dll
[0510/162125.602:ERROR:process_memory_win.cc(73)] ReadMemory at 0x7ffcb0940000 of 64 bytes failed: Solo se completó una parte de una solicitud ReadProcessMemory o WriteProcessMemory. (0x12B)
[0510/162125.602:WARNING:pe_image_reader.cc(340)] could not read dos header from C:\WINDOWS\SYSTEM32\WINMM.dll
[0510/162125.602:ERROR:process_memory_win.cc(73)] ReadMemory at 0x7ffcb2fc0000 of 64 bytes failed: Solo se completó una parte de una solicitud ReadProcessMemory o WriteProcessMemory. (0x12B)
[0510/162125.602:WARNING:pe_image_reader.cc(340)] could not read dos header from C:\WINDOWS\SYSTEM32\USERENV.dll
[0510/162125.602:ERROR:process_memory_win.cc(73)] ReadMemory at 0x7ffcb08d0000 of 64 bytes failed: Solo se completó una parte de una solicitud ReadProcessMemory o WriteProcessMemory. (0x12B)
[0510/162125.602:WARNING:pe_image_reader.cc(340)] could not read dos header from C:\WINDOWS\SYSTEM32\WINMMBASE.dll
[0510/162125.602:ERROR:process_memory_win.cc(73)] ReadMemory at 0x7ffcb2b10000 of 64 bytes failed: Solo se completó una parte de una solicitud ReadProcessMemory o WriteProcessMemory. (0x12B)
[0510/162125.602:WARNING:pe_image_reader.cc(340)] could not read dos header from C:\WINDOWS\SYSTEM32\CRYPTBASE.DLL
[0510/162125.602:ERROR:process_memory_win.cc(73)] ReadMemory at 0x7ffcb4450000 of 64 bytes failed: Solo se completó una parte de una solicitud ReadProcessMemory o WriteProcessMemory. (0x12B)
[0510/162125.602:WARNING:pe_image_reader.cc(340)] could not read dos header from C:\WINDOWS\System32\IMM32.DLL
[0510/162125.603:ERROR:process_memory_win.cc(73)] ReadMemory at 0x7ffc67c70000 of 64 bytes failed: Solo se completó una parte de una solicitud ReadProcessMemory o WriteProcessMemory. (0x12B)
[0510/162125.603:WARNING:pe_image_reader.cc(340)] could not read dos header from C:\Program Files (x86)\Google\Chrome\Application\74.0.3729.131\chrome_child.dll
[0510/162125.603:ERROR:process_memory_win.cc(73)] ReadMemory at 0x7ffcb5b00000 of 64 bytes failed: Solo se completó una parte de una solicitud ReadProcessMemory o WriteProcessMemory. (0x12B)
[0510/162125.603:WARNING:pe_image_reader.cc(340)] could not read dos header from C:\WINDOWS\System32\WS2_32.dll
[0510/162125.603:ERROR:process_memory_win.cc(73)] ReadMemory at 0x7ffcb5f30000 of 64 bytes failed: Solo se completó una parte de una solicitud ReadProcessMemory o WriteProcessMemory. (0x12B)
[0510/162125.603:WARNING:pe_image_reader.cc(340)] could not read dos header from C:\WINDOWS\System32\ole32.dll
[0510/162125.603:ERROR:process_memory_win.cc(73)] ReadMemory at 0x7ffcb66b0000 of 64 bytes failed: Solo se completó una parte de una solicitud ReadProcessMemory o WriteProcessMemory. (0x12B)
[0510/162125.603:WARNING:pe_image_reader.cc(340)] could not read dos header from C:\WINDOWS\System32\OLEAUT32.dll
[0510/162125.603:ERROR:process_memory_win.cc(73)] ReadMemory at 0x7ffcb39c0000 of 64 bytes failed: Solo se completó una parte de una solicitud ReadProcessMemory o WriteProcessMemory. (0x12B)
[0510/162125.603:WARNING:pe_image_reader.cc(340)] could not read dos header from C:\WINDOWS\System32\WINTRUST.dll
[0510/162125.603:ERROR:process_memory_win.cc(73)] ReadMemory at 0x7ffcb30c0000 of 64 bytes failed: Solo se completó una parte de una solicitud ReadProcessMemory o WriteProcessMemory. (0x12B)
[0510/162125.603:WARNING:pe_image_reader.cc(340)] could not read dos header from C:\WINDOWS\System32\MSASN1.dll
[0510/162125.603:ERROR:process_memory_win.cc(73)] ReadMemory at 0x7ffcb3740000 of 64 bytes failed: Solo se completó una parte de una solicitud ReadProcessMemory o WriteProcessMemory. (0x12B)
[0510/162125.603:WARNING:pe_image_reader.cc(340)] could not read dos header from C:\WINDOWS\System32\CRYPT32.dll
[0510/162125.603:ERROR:process_memory_win.cc(73)] ReadMemory at 0x7ffcb5c90000 of 64 bytes failed: Solo se completó una parte de una solicitud ReadProcessMemory o WriteProcessMemory. (0x12B)
[0510/162125.603:WARNING:pe_image_reader.cc(340)] could not read dos header from C:\WINDOWS\System32\COMDLG32.dll
[0510/162125.603:ERROR:process_memory_win.cc(73)] ReadMemory at 0x7ffcb26a0000 of 64 bytes failed: Solo se completó una parte de una solicitud ReadProcessMemory o WriteProcessMemory. (0x12B)
[0510/162125.603:WARNING:pe_image_reader.cc(340)] could not read dos header from C:\WINDOWS\SYSTEM32\IPHLPAPI.DLL
[0510/162125.603:ERROR:process_memory_win.cc(73)] ReadMemory at 0x7ffcaee00000 of 64 bytes failed: Solo se completó una parte de una solicitud ReadProcessMemory o WriteProcessMemory. (0x12B)
[0510/162125.603:WARNING:pe_image_reader.cc(340)] could not read dos header from C:\WINDOWS\SYSTEM32\OLEACC.dll
[0510/162125.603:ERROR:process_memory_win.cc(73)] ReadMemory at 0x7ffc8e9e0000 of 64 bytes failed: Solo se completó una parte de una solicitud ReadProcessMemory o WriteProcessMemory. (0x12B)
[0510/162125.603:WARNING:pe_image_reader.cc(340)] could not read dos header from C:\WINDOWS\SYSTEM32\UIAutomationCore.DLL
[0510/162125.603:ERROR:process_memory_win.cc(73)] ReadMemory at 0x7ffcb1ca0000 of 64 bytes failed: Solo se completó una parte de una solicitud ReadProcessMemory o WriteProcessMemory. (0x12B)
[0510/162125.603:WARNING:pe_image_reader.cc(340)] could not read dos header from C:\WINDOWS\SYSTEM32\WTSAPI32.dll
[0510/162125.603:ERROR:process_memory_win.cc(73)] ReadMemory at 0x7ffca17d0000 of 64 bytes failed: Solo se completó una parte de una solicitud ReadProcessMemory o WriteProcessMemory. (0x12B)
[0510/162125.603:WARNING:pe_image_reader.cc(340)] could not read dos header from C:\WINDOWS\SYSTEM32\DWrite.dll
[0510/162125.603:ERROR:process_memory_win.cc(73)] ReadMemory at 0x7ffcb1e40000 of 64 bytes failed: Solo se completó una parte de una solicitud ReadProcessMemory o WriteProcessMemory. (0x12B)
[0510/162125.603:WARNING:pe_image_reader.cc(340)] could not read dos header from C:\WINDOWS\SYSTEM32\dxgi.dll
[0510/162125.603:ERROR:process_memory_win.cc(73)] ReadMemory at 0x7ffca94e0000 of 64 bytes failed: Solo se completó una parte de una solicitud ReadProcessMemory o WriteProcessMemory. (0x12B)
[0510/162125.603:WARNING:pe_image_reader.cc(340)] could not read dos header from C:\WINDOWS\SYSTEM32\WINSPOOL.DRV
[0510/162125.603:ERROR:process_memory_win.cc(73)] ReadMemory at 0x7ffcb36f0000 of 64 bytes failed: Solo se completó una parte de una solicitud ReadProcessMemory o WriteProcessMemory. (0x12B)
[0510/162125.604:WARNING:pe_image_reader.cc(340)] could not read dos header from C:\WINDOWS\System32\bcrypt.dll
[0510/162125.604:ERROR:process_memory_win.cc(73)] ReadMemory at 0x7ffcb1aa0000 of 64 bytes failed: Solo se completó una parte de una solicitud ReadProcessMemory o WriteProcessMemory. (0x12B)
[0510/162125.604:WARNING:pe_image_reader.cc(340)] could not read dos header from C:\WINDOWS\SYSTEM32\dbghelp.dll
[0510/162125.604:ERROR:process_memory_win.cc(73)] ReadMemory at 0x7ffca53b0000 of 64 bytes failed: Solo se completó una parte de una solicitud ReadProcessMemory o WriteProcessMemory. (0x12B)
[0510/162125.604:WARNING:pe_image_reader.cc(340)] could not read dos header from C:\WINDOWS\WinSxS\amd64_microsoft.windows.common-controls_6595b64144ccf1df_6.0.17763.437_none_05b63dca071e5dd6\COMCTL32.dll
[0510/162125.604:ERROR:process_memory_win.cc(73)] ReadMemory at 0x7ffc9c610000 of 64 bytes failed: Solo se completó una parte de una solicitud ReadProcessMemory o WriteProcessMemory. (0x12B)
[0510/162125.604:WARNING:pe_image_reader.cc(340)] could not read dos header from C:\WINDOWS\SYSTEM32\USP10.dll
[0510/162125.604:ERROR:process_memory_win.cc(73)] ReadMemory at 0x7ffcad240000 of 64 bytes failed: Solo se completó una parte de una solicitud ReadProcessMemory o WriteProcessMemory. (0x12B)
[0510/162125.604:WARNING:pe_image_reader.cc(340)] could not read dos header from C:\WINDOWS\SYSTEM32\WINHTTP.dll
[0510/162125.604:ERROR:process_memory_win.cc(73)] ReadMemory at 0x7ffca7ca0000 of 64 bytes failed: Solo se completó una parte de una solicitud ReadProcessMemory o WriteProcessMemory. (0x12B)
[0510/162125.604:WARNING:pe_image_reader.cc(340)] could not read dos header from C:\WINDOWS\SYSTEM32\urlmon.dll
[0510/162125.604:ERROR:process_memory_win.cc(73)] ReadMemory at 0x7ffcad9c0000 of 64 bytes failed: Solo se completó una parte de una solicitud ReadProcessMemory o WriteProcessMemory. (0x12B)
[0510/162125.604:WARNING:pe_image_reader.cc(340)] could not read dos header from C:\WINDOWS\SYSTEM32\Secur32.dll
[0510/162125.604:ERROR:process_memory_win.cc(73)] ReadMemory at 0x7ffcae3c0000 of 64 bytes failed: Solo se completó una parte de una solicitud ReadProcessMemory o WriteProcessMemory. (0x12B)
[0510/162125.604:WARNING:pe_image_reader.cc(340)] could not read dos header from C:\WINDOWS\SYSTEM32\dhcpcsvc.DLL
[0510/162125.604:ERROR:process_memory_win.cc(73)] ReadMemory at 0x7ffcb6780000 of 64 bytes failed: Solo se completó una parte de una solicitud ReadProcessMemory o WriteProcessMemory. (0x12B)
[0510/162125.604:WARNING:pe_image_reader.cc(340)] could not read dos header from C:\WINDOWS\System32\NSI.dll
[0510/162125.604:ERROR:process_memory_win.cc(73)] ReadMemory at 0x7ffcaa390000 of 64 bytes failed: Solo se completó una parte de una solicitud ReadProcessMemory o WriteProcessMemory. (0x12B)
[0510/162125.604:WARNING:pe_image_reader.cc(340)] could not read dos header from C:\WINDOWS\SYSTEM32\Bcp47Langs.dll
[0510/162125.604:ERROR:process_memory_win.cc(73)] ReadMemory at 0x7ffcb1650000 of 64 bytes failed: Solo se completó una parte de una solicitud ReadProcessMemory o WriteProcessMemory. (0x12B)
[0510/162125.604:WARNING:pe_image_reader.cc(340)] could not read dos header from C:\WINDOWS\SYSTEM32\PROPSYS.dll
[0510/162125.604:ERROR:process_memory_win.cc(73)] ReadMemory at 0x7ffca7f00000 of 64 bytes failed: Solo se completó una parte de una solicitud ReadProcessMemory o WriteProcessMemory. (0x12B)
[0510/162125.604:WARNING:pe_image_reader.cc(340)] could not read dos header from C:\WINDOWS\SYSTEM32\iertutil.dll
[0510/162125.604:ERROR:process_memory_win.cc(73)] ReadMemory at 0x7ffcb2ff0000 of 64 bytes failed: Solo se completó una parte de una solicitud ReadProcessMemory o WriteProcessMemory. (0x12B)
[0510/162125.604:WARNING:pe_image_reader.cc(340)] could not read dos header from C:\WINDOWS\SYSTEM32\SSPICLI.DLL
[0510/162125.604:ERROR:process_memory_win.cc(73)] ReadMemory at 0x7ffcb67f0000 of 64 bytes failed: Solo se completó una parte de una solicitud ReadProcessMemory o WriteProcessMemory. (0x12B)
[0510/162125.604:WARNING:pe_image_reader.cc(340)] could not read dos header from C:\WINDOWS\System32\SETUPAPI.dll
[0510/162125.604:ERROR:process_memory_win.cc(73)] ReadMemory at 0x7ffcb2ed0000 of 64 bytes failed: Solo se completó una parte de una solicitud ReadProcessMemory o WriteProcessMemory. (0x12B)
[0510/162125.604:WARNING:pe_image_reader.cc(340)] could not read dos header from C:\WINDOWS\SYSTEM32\DEVOBJ.dll
[0510/162125.604:ERROR:process_memory_win.cc(73)] ReadMemory at 0x7ffc86c80000 of 64 bytes failed: Solo se completó una parte de una solicitud ReadProcessMemory o WriteProcessMemory. (0x12B)
[0510/162125.605:WARNING:pe_image_reader.cc(340)] could not read dos header from C:\WINDOWS\SYSTEM32\mf.dll
[0510/162125.605:ERROR:process_memory_win.cc(73)] ReadMemory at 0x7ffca1020000 of 64 bytes failed: Solo se completó una parte de una solicitud ReadProcessMemory o WriteProcessMemory. (0x12B)
[0510/162125.605:WARNING:pe_image_reader.cc(340)] could not read dos header from C:\WINDOWS\SYSTEM32\mfplat.dll
[0510/162125.605:ERROR:process_memory_win.cc(73)] ReadMemory at 0x7ffca94b0000 of 64 bytes failed: Solo se completó una parte de una solicitud ReadProcessMemory o WriteProcessMemory. (0x12B)
[0510/162125.605:WARNING:pe_image_reader.cc(340)] could not read dos header from C:\WINDOWS\SYSTEM32\RTWorkQ.DLL
[0510/162125.605:ERROR:process_memory_win.cc(73)] ReadMemory at 0x7ffc83dd0000 of 64 bytes failed: Solo se completó una parte de una solicitud ReadProcessMemory o WriteProcessMemory. (0x12B)
[0510/162125.605:WARNING:pe_image_reader.cc(340)] could not read dos header from C:\WINDOWS\SYSTEM32\msmpeg2vdec.dll
[0510/162125.605:ERROR:process_memory_win.cc(73)] ReadMemory at 0x7ffc86320000 of 64 bytes failed: Solo se completó una parte de una solicitud ReadProcessMemory o WriteProcessMemory. (0x12B)
[0510/162125.605:WARNING:pe_image_reader.cc(340)] could not read dos header from C:\WINDOWS\SYSTEM32\mfperfhelper.dll
[0510/162125.605:ERROR:process_memory_win.cc(73)] ReadMemory at 0x7ffc9ada0000 of 64 bytes failed: Solo se completó una parte de una solicitud ReadProcessMemory o WriteProcessMemory. (0x12B)
[0510/162125.605:WARNING:pe_image_reader.cc(340)] could not read dos header from C:\WINDOWS\SYSTEM32\dxva2.dll
[0510/162125.605:ERROR:process_memory_win.cc(73)] ReadMemory at 0x7ffc83900000 of 64 bytes failed: Solo se completó una parte de una solicitud ReadProcessMemory o WriteProcessMemory. (0x12B)
[0510/162125.605:WARNING:pe_image_reader.cc(340)] could not read dos header from C:\WINDOWS\SYSTEM32\msvproc.dll
[0510/162125.605:ERROR:process_memory_win.cc(73)] ReadMemory at 0x7ffcad340000 of 64 bytes failed: Solo se completó una parte de una solicitud ReadProcessMemory o WriteProcessMemory. (0x12B)
[0510/162125.605:WARNING:pe_image_reader.cc(340)] could not read dos header from C:\WINDOWS\SYSTEM32\CompPkgSup.DLL
[0510/162125.605:ERROR:process_memory_win.cc(73)] ReadMemory at 0x7ffcaf3b0000 of 64 bytes failed: Solo se completó una parte de una solicitud ReadProcessMemory o WriteProcessMemory. (0x12B)
[0510/162125.605:WARNING:pe_image_reader.cc(340)] could not read dos header from C:\WINDOWS\SYSTEM32\D3DCompiler_47.dll
[0510/162125.605:ERROR:process_memory_win.cc(73)] ReadMemory at 0x7ffc67090000 of 64 bytes failed: Solo se completó una parte de una solicitud ReadProcessMemory o WriteProcessMemory. (0x12B)
[0510/162125.605:WARNING:pe_image_reader.cc(340)] could not read dos header from C:\Program Files (x86)\Google\Chrome\Application\74.0.3729.131\libglesv2.dll
[0510/162125.605:ERROR:process_memory_win.cc(73)] ReadMemory at 0x7ffc82f00000 of 64 bytes failed: Solo se completó una parte de una solicitud ReadProcessMemory o WriteProcessMemory. (0x12B)
[0510/162125.605:WARNING:pe_image_reader.cc(340)] could not read dos header from C:\WINDOWS\SYSTEM32\d3d9.dll
[0510/162125.605:ERROR:process_memory_win.cc(73)] ReadMemory at 0x7ffcb11d0000 of 64 bytes failed: Solo se completó una parte de una solicitud ReadProcessMemory o WriteProcessMemory. (0x12B)
[0510/162125.605:WARNING:pe_image_reader.cc(340)] could not read dos header from C:\WINDOWS\SYSTEM32\dwmapi.dll
[0510/162125.605:ERROR:process_memory_win.cc(73)] ReadMemory at 0x7ffca4e20000 of 64 bytes failed: Solo se completó una parte de una solicitud ReadProcessMemory o WriteProcessMemory. (0x12B)
[0510/162125.605:WARNING:pe_image_reader.cc(340)] could not read dos header from C:\Program Files (x86)\Google\Chrome\Application\74.0.3729.131\libegl.dll
[0510/162125.605:ERROR:process_memory_win.cc(73)] ReadMemory at 0x7ffcaef60000 of 64 bytes failed: Solo se completó una parte de una solicitud ReadProcessMemory o WriteProcessMemory. (0x12B)
[0510/162125.605:WARNING:pe_image_reader.cc(340)] could not read dos header from C:\WINDOWS\SYSTEM32\d3d11.dll
[0510/162125.605:ERROR:process_memory_win.cc(73)] ReadMemory at 0x7ffcb0450000 of 64 bytes failed: Solo se completó una parte de una solicitud ReadProcessMemory o WriteProcessMemory. (0x12B)
[0510/162125.605:WARNING:pe_image_reader.cc(340)] could not read dos header from C:\WINDOWS\SYSTEM32\dcomp.dll
[0510/162125.605:ERROR:process_memory_win.cc(73)] ReadMemory at 0x7ffca57d0000 of 64 bytes failed: Solo se completó una parte de una solicitud ReadProcessMemory o WriteProcessMemory. (0x12B)
[0510/162125.605:WARNING:pe_image_reader.cc(340)] could not read dos header from C:\WINDOWS\System32\DriverStore\FileRepository\igdlh64.inf_amd64_8a9535cd18c90bc3\igd10iumd64.dll
[0510/162125.606:ERROR:process_memory_win.cc(73)] ReadMemory at 0x7ffcb2c10000 of 64 bytes failed: Solo se completó una parte de una solicitud ReadProcessMemory o WriteProcessMemory. (0x12B)
[0510/162125.606:WARNING:pe_image_reader.cc(340)] could not read dos header from C:\WINDOWS\SYSTEM32\ncrypt.dll
[0510/162125.606:ERROR:process_memory_win.cc(73)] ReadMemory at 0x7ffcb2bd0000 of 64 bytes failed: Solo se completó una parte de una solicitud ReadProcessMemory o WriteProcessMemory. (0x12B)
[0510/162125.606:WARNING:pe_image_reader.cc(340)] could not read dos header from C:\WINDOWS\SYSTEM32\NTASN1.dll
[0510/162125.606:ERROR:process_memory_win.cc(73)] ReadMemory at 0x7ffca27d0000 of 64 bytes failed: Solo se completó una parte de una solicitud ReadProcessMemory o WriteProcessMemory. (0x12B)
[0510/162125.606:WARNING:pe_image_reader.cc(340)] could not read dos header from C:\WINDOWS\System32\DriverStore\FileRepository\igdlh64.inf_amd64_8a9535cd18c90bc3\igc64.dll
[0510/162125.606:ERROR:process_memory_win.cc(73)] ReadMemory at 0x7ffcb4480000 of 64 bytes failed: Solo se completó una parte de una solicitud ReadProcessMemory o WriteProcessMemory. (0x12B)
[0510/162125.606:WARNING:pe_image_reader.cc(340)] could not read dos header from C:\WINDOWS\System32\clbcatq.dll
[0510/162125.606:ERROR:process_memory_win.cc(73)] ReadMemory at 0x7ffcaea70000 of 64 bytes failed: Solo se completó una parte de una solicitud ReadProcessMemory o WriteProcessMemory. (0x12B)
[0510/162125.606:WARNING:pe_image_reader.cc(340)] could not read dos header from C:\Windows\System32\WinTypes.dll
[0510/162125.606:ERROR:process_memory_win.cc(73)] ReadMemory at 0x7ffc76a90000 of 64 bytes failed: Solo se completó una parte de una solicitud ReadProcessMemory o WriteProcessMemory. (0x12B)
[0510/162125.606:WARNING:pe_image_reader.cc(340)] could not read dos header from C:\WINDOWS\System32\DriverStore\FileRepository\igdlh64.inf_amd64_8a9535cd18c90bc3\igd11dxva64.dll
[0510/162125.606:ERROR:process_memory_win.cc(73)] ReadMemory at 0x7ffc97b60000 of 64 bytes failed: Solo se completó una parte de una solicitud ReadProcessMemory o WriteProcessMemory. (0x12B)
[0510/162125.606:WARNING:pe_image_reader.cc(340)] could not read dos header from C:\WINDOWS\System32\DriverStore\FileRepository\igdlh64.inf_amd64_8a9535cd18c90bc3\igdinfo64.dll
[0510/162125.606:ERROR:process_memory_win.cc(73)] ReadMemory at 0x7ffc85c70000 of 64 bytes failed: Solo se completó una parte de una solicitud ReadProcessMemory o WriteProcessMemory. (0x12B)
[0510/162125.606:WARNING:pe_image_reader.cc(340)] could not read dos header from C:\Windows\System32\mfh264enc.dll
[0510/162125.606:ERROR:process_memory_win.cc(73)] ReadMemory at 0x7ffcb10b0000 of 64 bytes failed: Solo se completó una parte de una solicitud ReadProcessMemory o WriteProcessMemory. (0x12B)
[0510/162125.606:WARNING:pe_image_reader.cc(340)] could not read dos header from C:\WINDOWS\system32\uxtheme.dll
[0510/162125.606:ERROR:process_memory_win.cc(73)] ReadMemory at 0x7ffcb5dc0000 of 64 bytes failed: Solo se completó una parte de una solicitud ReadProcessMemory o WriteProcessMemory. (0x12B)
[0510/162125.606:WARNING:pe_image_reader.cc(340)] could not read dos header from C:\WINDOWS\System32\MSCTF.dll
[0510/162125.606:ERROR:process_memory_win.cc(73)] ReadMemory at 0x7ffc81560000 of 64 bytes failed: Solo se completó una parte de una solicitud ReadProcessMemory o WriteProcessMemory. (0x12B)
[0510/162125.606:WARNING:pe_image_reader.cc(340)] could not read dos header from C:\Windows\System32\Windows.Media.dll
[0510/162125.606:ERROR:process_memory_win.cc(73)] ReadMemory at 0x7ffcb2150000 of 64 bytes failed: Solo se completó una parte de una solicitud ReadProcessMemory o WriteProcessMemory. (0x12B)
[0510/162125.606:WARNING:pe_image_reader.cc(340)] could not read dos header from C:\WINDOWS\SYSTEM32\ntmarta.dll
[0510/162125.620:ERROR:process_memory_win.cc(73)] ReadMemory at 0xb071ee000 of 73728 bytes failed: Solo se completó una parte de una solicitud ReadProcessMemory o WriteProcessMemory. (0x12B)
[0510/162125.620:ERROR:process_memory_win.cc(73)] ReadMemory at 0xb073fd000 of 12288 bytes failed: Solo se completó una parte de una solicitud ReadProcessMemory o WriteProcessMemory. (0x12B)
[0510/162125.620:ERROR:process_memory_win.cc(73)] ReadMemory at 0xb075fd000 of 12288 bytes failed: Solo se completó una parte de una solicitud ReadProcessMemory o WriteProcessMemory. (0x12B)
[0510/162125.621:ERROR:process_memory_win.cc(73)] ReadMemory at 0xb077fd000 of 12288 bytes failed: Solo se completó una parte de una solicitud ReadProcessMemory o WriteProcessMemory. (0x12B)
[0510/162125.621:ERROR:process_memory_win.cc(73)] ReadMemory at 0xb079fd000 of 12288 bytes failed: Solo se completó una parte de una solicitud ReadProcessMemory o WriteProcessMemory. (0x12B)
[0510/162125.621:ERROR:process_memory_win.cc(73)] ReadMemory at 0xb07bfc000 of 16384 bytes failed: Solo se completó una parte de una solicitud ReadProcessMemory o WriteProcessMemory. (0x12B)
[0510/162125.621:ERROR:process_memory_win.cc(73)] ReadMemory at 0xb07dff000 of 4096 bytes failed: Solo se completó una parte de una solicitud ReadProcessMemory o WriteProcessMemory. (0x12B)
[0510/162125.621:ERROR:process_memory_win.cc(73)] ReadMemory at 0xb07ffb000 of 20480 bytes failed: Solo se completó una parte de una solicitud ReadProcessMemory o WriteProcessMemory. (0x12B)
[0510/162125.621:ERROR:process_memory_win.cc(73)] ReadMemory at 0xb083ee000 of 73728 bytes failed: Solo se completó una parte de una solicitud ReadProcessMemory o WriteProcessMemory. (0x12B)
[0510/162125.621:ERROR:process_memory_win.cc(73)] ReadMemory at 0xb085f0000 of 65536 bytes failed: Solo se completó una parte de una solicitud ReadProcessMemory o WriteProcessMemory. (0x12B)
[0510/162125.621:ERROR:process_memory_win.cc(73)] ReadMemory at 0xb089fd000 of 12288 bytes failed: Solo se completó una parte de una solicitud ReadProcessMemory o WriteProcessMemory. (0x12B)
[0510/162125.621:ERROR:process_memory_win.cc(73)] ReadMemory at 0xb08bf0000 of 65536 bytes failed: Solo se completó una parte de una solicitud ReadProcessMemory o WriteProcessMemory. (0x12B)
[0510/162125.621:ERROR:process_memory_win.cc(73)] ReadMemory at 0xb081fd000 of 12288 bytes failed: Solo se completó una parte de una solicitud ReadProcessMemory o WriteProcessMemory. (0x12B)
[0510/162125.622:ERROR:process_memory_win.cc(73)] ReadMemory at 0xb087fd000 of 12288 bytes failed: Solo se completó una parte de una solicitud ReadProcessMemory o WriteProcessMemory. (0x12B)
[0510/162125.622:ERROR:process_memory_win.cc(73)] ReadMemory at 0xb08dfd000 of 12288 bytes failed: Solo se completó una parte de una solicitud ReadProcessMemory o WriteProcessMemory. (0x12B)
[0510/162125.622:ERROR:process_memory_win.cc(73)] ReadMemory at 0xb06ed9000 of 852 bytes failed: Solo se completó una parte de una solicitud ReadProcessMemory o WriteProcessMemory. (0x12B)
[0510/162125.622:ERROR:process_memory_win.cc(73)] ReadMemory at 0xb06eda000 of 6024 bytes failed: Solo se completó una parte de una solicitud ReadProcessMemory o WriteProcessMemory. (0x12B)
[0510/162125.622:ERROR:process_memory_win.cc(73)] ReadMemory at 0xb06edc000 of 6024 bytes failed: Solo se completó una parte de una solicitud ReadProcessMemory o WriteProcessMemory. (0x12B)
[0510/162125.622:ERROR:process_memory_win.cc(73)] ReadMemory at 0xb06ee0000 of 6024 bytes failed: Solo se completó una parte de una solicitud ReadProcessMemory o WriteProcessMemory. (0x12B)
[0510/162125.622:ERROR:process_memory_win.cc(73)] ReadMemory at 0xb06ee2000 of 6024 bytes failed: Solo se completó una parte de una solicitud ReadProcessMemory o WriteProcessMemory. (0x12B)
[0510/162125.622:ERROR:process_memory_win.cc(73)] ReadMemory at 0xb06ee4000 of 6024 bytes failed: Solo se completó una parte de una solicitud ReadProcessMemory o WriteProcessMemory. (0x12B)
[0510/162125.622:ERROR:process_memory_win.cc(73)] ReadMemory at 0xb06ee6000 of 6024 bytes failed: Solo se completó una parte de una solicitud ReadProcessMemory o WriteProcessMemory. (0x12B)
[0510/162125.622:ERROR:process_memory_win.cc(73)] ReadMemory at 0xb06ee8000 of 6024 bytes failed: Solo se completó una parte de una solicitud ReadProcessMemory o WriteProcessMemory. (0x12B)
[0510/162125.622:ERROR:process_memory_win.cc(73)] ReadMemory at 0xb06eea000 of 6024 bytes failed: Solo se completó una parte de una solicitud ReadProcessMemory o WriteProcessMemory. (0x12B)
[0510/162125.622:ERROR:process_memory_win.cc(73)] ReadMemory at 0xb06eee000 of 6024 bytes failed: Solo se completó una parte de una solicitud ReadProcessMemory o WriteProcessMemory. (0x12B)
[0510/162125.622:ERROR:process_memory_win.cc(73)] ReadMemory at 0xb06ef0000 of 6024 bytes failed: Solo se completó una parte de una solicitud ReadProcessMemory o WriteProcessMemory. (0x12B)
[0510/162125.623:ERROR:process_memory_win.cc(73)] ReadMemory at 0xb06f08000 of 6024 bytes failed: Solo se completó una parte de una solicitud ReadProcessMemory o WriteProcessMemory. (0x12B)
[0510/162125.623:ERROR:process_memory_win.cc(73)] ReadMemory at 0xb06f0a000 of 6024 bytes failed: Solo se completó una parte de una solicitud ReadProcessMemory o WriteProcessMemory. (0x12B)
[0510/162125.623:ERROR:process_memory_win.cc(73)] ReadMemory at 0xb06f18000 of 6024 bytes failed: Solo se completó una parte de una solicitud ReadProcessMemory o WriteProcessMemory. (0x12B)
[0510/162125.623:ERROR:process_memory_win.cc(73)] ReadMemory at 0xb06f58000 of 6024 bytes failed: Solo se completó una parte de una solicitud ReadProcessMemory o WriteProcessMemory. (0x12B)
[0510/162125.623:ERROR:process_memory_win.cc(73)] ReadMemory at 0xb06f5a000 of 6024 bytes failed: Solo se completó una parte de una solicitud ReadProcessMemory o WriteProcessMemory. (0x12B)
[0510/162125.623:ERROR:process_memory_win.cc(73)] ReadMemory at 0x1dbb7d50fc0 of 512 bytes failed: Solo se completó una parte de una solicitud ReadProcessMemory o WriteProcessMemory. (0x12B)
[0510/162125.623:ERROR:process_memory_win.cc(73)] ReadMemory at 0x1dbb7d60ad0 of 512 bytes failed: Solo se completó una parte de una solicitud ReadProcessMemory o WriteProcessMemory. (0x12B)
[0510/162125.623:ERROR:process_memory_win.cc(73)] ReadMemory at 0x1dbb7d60fe0 of 3878 bytes failed: Solo se completó una parte de una solicitud ReadProcessMemory o WriteProcessMemory. (0x12B)
[0510/162125.623:ERROR:process_memory_win.cc(73)] ReadMemory at 0x1dbb7d61f10 of 1012 bytes failed: Solo se completó una parte de una solicitud ReadProcessMemory o WriteProcessMemory. (0x12B)
[0510/162125.623:ERROR:process_memory_win.cc(73)] ReadMemory at 0x1dbb7d62538 of 118 bytes failed: Solo se completó una parte de una solicitud ReadProcessMemory o WriteProcessMemory. (0x12B)
[0510/162125.623:ERROR:process_memory_win.cc(73)] ReadMemory at 0x1dbb7d625b0 of 1142 bytes failed: Solo se completó una parte de una solicitud ReadProcessMemory o WriteProcessMemory. (0x12B)
[0510/162125.623:ERROR:process_memory_win.cc(73)] ReadMemory at 0x1dbb7d62a28 of 118 bytes failed: Solo se completó una parte de una solicitud ReadProcessMemory o WriteProcessMemory. (0x12B)
[0510/162125.623:ERROR:process_memory_win.cc(73)] ReadMemory at 0x1dbb7d62aa0 of 30 bytes failed: Solo se completó una parte de una solicitud ReadProcessMemory o WriteProcessMemory. (0x12B)
[0510/162125.623:ERROR:process_memory_win.cc(73)] ReadMemory at 0x1dbb7d62ad0 of 58 bytes failed: Solo se completó una parte de una solicitud ReadProcessMemory o WriteProcessMemory. (0x12B)
[0510/162125.624:ERROR:process_memory_win.cc(73)] ReadMemory at 0x1dbb7d62bd0 of 132 bytes failed: Solo se completó una parte de una solicitud ReadProcessMemory o WriteProcessMemory. (0x12B)
[0510/162125.624:ERROR:process_memory_win.cc(73)] ReadMemory at 0x1dbb7d62d60 of 132 bytes failed: Solo se completó una parte de una solicitud ReadProcessMemory o WriteProcessMemory. (0x12B)
[0510/162125.624:ERROR:process_memory_win.cc(73)] ReadMemory at 0x1dbb7d63300 of 132 bytes failed: Solo se completó una parte de una solicitud ReadProcessMemory o WriteProcessMemory. (0x12B)
[0510/162125.624:ERROR:process_memory_win.cc(73)] ReadMemory at 0x1dbb7d63490 of 64 bytes failed: Solo se completó una parte de una solicitud ReadProcessMemory o WriteProcessMemory. (0x12B)
[0510/162125.624:ERROR:process_memory_win.cc(73)] ReadMemory at 0x1dbb7d635f0 of 132 bytes failed: Solo se completó una parte de una solicitud ReadProcessMemory o WriteProcessMemory. (0x12B)
[0510/162125.624:ERROR:process_memory_win.cc(73)] ReadMemory at 0x1dbb7d63780 of 62 bytes failed: Solo se completó una parte de una solicitud ReadProcessMemory o WriteProcessMemory. (0x12B)
[0510/162125.624:ERROR:process_memory_win.cc(73)] ReadMemory at 0x1dbb7d638f0 of 132 bytes failed: Solo se completó una parte de una solicitud ReadProcessMemory o WriteProcessMemory. (0x12B)
[0510/162125.624:ERROR:process_memory_win.cc(73)] ReadMemory at 0x1dbb7d63a80 of 68 bytes failed: Solo se completó una parte de una solicitud ReadProcessMemory o WriteProcessMemory. (0x12B)
[0510/162125.624:ERROR:process_memory_win.cc(73)] ReadMemory at 0x1dbb7d67c60 of 132 bytes failed: Solo se completó una parte de una solicitud ReadProcessMemory o WriteProcessMemory. (0x12B)
[0510/162125.624:ERROR:process_memory_win.cc(73)] ReadMemory at 0x1dbb7d67ea0 of 132 bytes failed: Solo se completó una parte de una solicitud ReadProcessMemory o WriteProcessMemory. (0x12B)
[0510/162125.660:ERROR:process_memory_win.cc(73)] ReadMemory at 0x1dbb7d68030 of 62 bytes failed: Solo se completó una parte de una solicitud ReadProcessMemory o WriteProcessMemory. (0x12B)
[0510/162125.660:ERROR:process_memory_win.cc(73)] ReadMemory at 0x1dbb7d697b0 of 132 bytes failed: Solo se completó una parte de una solicitud ReadProcessMemory o WriteProcessMemory. (0x12B)
[0510/162125.660:ERROR:process_memory_win.cc(73)] ReadMemory at 0x1dbb7d69940 of 60 bytes failed: Solo se completó una parte de una solicitud ReadProcessMemory o WriteProcessMemory. (0x12B)
[0510/162125.660:ERROR:process_memory_win.cc(73)] ReadMemory at 0x1dbb7d69990 of 158 bytes failed: Solo se completó una parte de una solicitud ReadProcessMemory o WriteProcessMemory. (0x12B)
[0510/162125.660:ERROR:process_memory_win.cc(73)] ReadMemory at 0x1dbb7d69b90 of 132 bytes failed: Solo se completó una parte de una solicitud ReadProcessMemory o WriteProcessMemory. (0x12B)
[0510/162125.660:ERROR:process_memory_win.cc(73)] ReadMemory at 0x1dbb7d69d20 of 64 bytes failed: Solo se completó una parte de una solicitud ReadProcessMemory o WriteProcessMemory. (0x12B)
[0510/162125.660:ERROR:process_memory_win.cc(73)] ReadMemory at 0x1dbb7d69fa0 of 132 bytes failed: Solo se completó una parte de una solicitud ReadProcessMemory o WriteProcessMemory. (0x12B)
[0510/162125.660:ERROR:process_memory_win.cc(73)] ReadMemory at 0x1dbb7d6a130 of 64 bytes failed: Solo se completó una parte de una solicitud ReadProcessMemory o WriteProcessMemory. (0x12B)
[0510/162125.660:ERROR:process_memory_win.cc(73)] ReadMemory at 0x1dbb7d6a180 of 152 bytes failed: Solo se completó una parte de una solicitud ReadProcessMemory o WriteProcessMemory. (0x12B)
[0510/162125.660:ERROR:process_memory_win.cc(73)] ReadMemory at 0x1dbb7d6a390 of 132 bytes failed: Solo se completó una parte de una solicitud ReadProcessMemory o WriteProcessMemory. (0x12B)
[0510/162125.660:ERROR:process_memory_win.cc(73)] ReadMemory at 0x1dbb7d6a520 of 60 bytes failed: Solo se completó una parte de una solicitud ReadProcessMemory o WriteProcessMemory. (0x12B)
[0510/162125.661:ERROR:process_memory_win.cc(73)] ReadMemory at 0x1dbb7d6a830 of 132 bytes failed: Solo se completó una parte de una solicitud ReadProcessMemory o WriteProcessMemory. (0x12B)
[0510/162125.661:ERROR:process_memory_win.cc(73)] ReadMemory at 0x1dbb7d6a9c0 of 60 bytes failed: Solo se completó una parte de una solicitud ReadProcessMemory o WriteProcessMemory. (0x12B)
[0510/162125.661:ERROR:process_memory_win.cc(73)] ReadMemory at 0x1dbb7d6ac00 of 132 bytes failed: Solo se completó una parte de una solicitud ReadProcessMemory o WriteProcessMemory. (0x12B)
[0510/162125.661:ERROR:process_memory_win.cc(73)] ReadMemory at 0x1dbb7d6ad90 of 62 bytes failed: Solo se completó una parte de una solicitud ReadProcessMemory o WriteProcessMemory. (0x12B)
[0510/162125.661:ERROR:process_memory_win.cc(73)] ReadMemory at 0x1dbb7d6d540 of 132 bytes failed: Solo se completó una parte de una solicitud ReadProcessMemory o WriteProcessMemory. (0x12B)
[0510/162125.661:ERROR:process_memory_win.cc(73)] ReadMemory at 0x1dbb7d6d7e0 of 78 bytes failed: Solo se completó una parte de una solicitud ReadProcessMemory o WriteProcessMemory. (0x12B)
[0510/162125.661:ERROR:process_memory_win.cc(73)] ReadMemory at 0x1dbb7d6d8a0 of 80 bytes failed: Solo se completó una parte de una solicitud ReadProcessMemory o WriteProcessMemory. (0x12B)
[0510/162125.661:ERROR:process_memory_win.cc(73)] ReadMemory at 0x1dbb7d6d960 of 76 bytes failed: Solo se completó una parte de una solicitud ReadProcessMemory o WriteProcessMemory. (0x12B)
[0510/162125.661:ERROR:process_memory_win.cc(73)] ReadMemory at 0x1dbb7d6e440 of 132 bytes failed: Solo se completó una parte de una solicitud ReadProcessMemory o WriteProcessMemory. (0x12B)
[0510/162125.661:ERROR:process_memory_win.cc(73)] ReadMemory at 0x1dbb7d6ed80 of 132 bytes failed: Solo se completó una parte de una solicitud ReadProcessMemory o WriteProcessMemory. (0x12B)
[0510/162125.661:ERROR:process_memory_win.cc(73)] ReadMemory at 0x1dbb7d6eeb0 of 66 bytes failed: Solo se completó una parte de una solicitud ReadProcessMemory o WriteProcessMemory. (0x12B)
[0510/162125.661:ERROR:process_memory_win.cc(73)] ReadMemory at 0x1dbb7d6f0f0 of 132 bytes failed: Solo se completó una parte de una solicitud ReadProcessMemory o WriteProcessMemory. (0x12B)
[0510/162125.661:ERROR:process_memory_win.cc(73)] ReadMemory at 0x1dbb7d6f270 of 58 bytes failed: Solo se completó una parte de una solicitud ReadProcessMemory o WriteProcessMemory. (0x12B)
[0510/162125.661:ERROR:process_memory_win.cc(73)] ReadMemory at 0x1dbb7d6f310 of 62 bytes failed: Solo se completó una parte de una solicitud ReadProcessMemory o WriteProcessMemory. (0x12B)
[0510/162125.661:ERROR:process_memory_win.cc(73)] ReadMemory at 0x1dbb7d6f360 of 62 bytes failed: Solo se completó una parte de una solicitud ReadProcessMemory o WriteProcessMemory. (0x12B)
[0510/162125.661:ERROR:process_memory_win.cc(73)] ReadMemory at 0x1dbb7d6f3b0 of 58 bytes failed: Solo se completó una parte de una solicitud ReadProcessMemory o WriteProcessMemory. (0x12B)
[0510/162125.661:ERROR:process_memory_win.cc(73)] ReadMemory at 0x1dbb7d6f400 of 66 bytes failed: Solo se completó una parte de una solicitud ReadProcessMemory o WriteProcessMemory. (0x12B)
[0510/162125.683:ERROR:process_memory_win.cc(73)] ReadMemory at 0x1dbb7d6f4a0 of 60 bytes failed: Solo se completó una parte de una solicitud ReadProcessMemory o WriteProcessMemory. (0x12B)
[0510/162125.683:ERROR:process_memory_win.cc(73)] ReadMemory at 0x1dbb7d6f590 of 60 bytes failed: Solo se completó una parte de una solicitud ReadProcessMemory o WriteProcessMemory. (0x12B)
[0510/162125.683:ERROR:process_memory_win.cc(73)] ReadMemory at 0x1dbb7d6f5e0 of 62 bytes failed: Solo se completó una parte de una solicitud ReadProcessMemory o WriteProcessMemory. (0x12B)
[0510/162125.683:ERROR:process_memory_win.cc(73)] ReadMemory at 0x1dbb7d6f630 of 62 bytes failed: Solo se completó una parte de una solicitud ReadProcessMemory o WriteProcessMemory. (0x12B)
[0510/162125.683:ERROR:process_memory_win.cc(73)] ReadMemory at 0x1dbb7d6f6d0 of 64 bytes failed: Solo se completó una parte de una solicitud ReadProcessMemory o WriteProcessMemory. (0x12B)
[0510/162125.683:ERROR:process_memory_win.cc(73)] ReadMemory at 0x1dbb7d6f720 of 62 bytes failed: Solo se completó una parte de una solicitud ReadProcessMemory o WriteProcessMemory. (0x12B)
[0510/162125.683:ERROR:process_memory_win.cc(73)] ReadMemory at 0x1dbb7d6f900 of 64 bytes failed: Solo se completó una parte de una solicitud ReadProcessMemory o WriteProcessMemory. (0x12B)
[0510/162125.683:ERROR:process_memory_win.cc(73)] ReadMemory at 0x1dbb7d6f950 of 66 bytes failed: Solo se completó una parte de una solicitud ReadProcessMemory o WriteProcessMemory. (0x12B)
[0510/162125.683:ERROR:process_memory_win.cc(73)] ReadMemory at 0x1dbb7d6f9a0 of 62 bytes failed: Solo se completó una parte de una solicitud ReadProcessMemory o WriteProcessMemory. (0x12B)
[0510/162125.684:ERROR:process_memory_win.cc(73)] ReadMemory at 0x1dbb7d70b90 of 132 bytes failed: Solo se completó una parte de una solicitud ReadProcessMemory o WriteProcessMemory. (0x12B)
[0510/162125.684:ERROR:process_memory_win.cc(73)] ReadMemory at 0x1dbb7d70cc0 of 132 bytes failed: Solo se completó una parte de una solicitud ReadProcessMemory o WriteProcessMemory. (0x12B)
[0510/162125.684:ERROR:process_memory_win.cc(73)] ReadMemory at 0x1dbb7d70df0 of 132 bytes failed: Solo se completó una parte de una solicitud ReadProcessMemory o WriteProcessMemory. (0x12B)
[0510/162125.684:ERROR:process_memory_win.cc(73)] ReadMemory at 0x1dbb7d70f20 of 132 bytes failed: Solo se completó una parte de una solicitud ReadProcessMemory o WriteProcessMemory. (0x12B)
[0510/162125.703:ERROR:process_memory_win.cc(73)] ReadMemory at 0x1dbb7d71050 of 132 bytes failed: Solo se completó una parte de una solicitud ReadProcessMemory o WriteProcessMemory. (0x12B)
[0510/162125.719:ERROR:process_memory_win.cc(73)] ReadMemory at 0x1dbb7d71180 of 132 bytes failed: Solo se completó una parte de una solicitud ReadProcessMemory o WriteProcessMemory. (0x12B)
[0510/162125.719:ERROR:process_memory_win.cc(73)] ReadMemory at 0x1dbb7d712b0 of 132 bytes failed: Solo se completó una parte de una solicitud ReadProcessMemory o WriteProcessMemory. (0x12B)
[0510/162125.720:ERROR:process_memory_win.cc(73)] ReadMemory at 0x1dbb7d713e0 of 132 bytes failed: Solo se completó una parte de una solicitud ReadProcessMemory o WriteProcessMemory. (0x12B)
[0510/162125.720:ERROR:process_memory_win.cc(73)] ReadMemory at 0x1dbb7d71510 of 132 bytes failed: Solo se completó una parte de una solicitud ReadProcessMemory o WriteProcessMemory. (0x12B)
[0510/162125.720:ERROR:process_memory_win.cc(73)] ReadMemory at 0x1dbb7d71640 of 132 bytes failed: Solo se completó una parte de una solicitud ReadProcessMemory o WriteProcessMemory. (0x12B)
[0510/162125.720:ERROR:process_memory_win.cc(73)] ReadMemory at 0x1dbb7d71770 of 132 bytes failed: Solo se completó una parte de una solicitud ReadProcessMemory o WriteProcessMemory. (0x12B)
[0510/162125.720:ERROR:process_memory_win.cc(73)] ReadMemory at 0x1dbb7d718a0 of 132 bytes failed: Solo se completó una parte de una solicitud ReadProcessMemory o WriteProcessMemory. (0x12B)
[0510/162125.720:ERROR:process_memory_win.cc(73)] ReadMemory at 0x1dbb7d719d0 of 132 bytes failed: Solo se completó una parte de una solicitud ReadProcessMemory o WriteProcessMemory. (0x12B)
[0510/162125.720:ERROR:process_memory_win.cc(73)] ReadMemory at 0x1dbb7d73200 of 154 bytes failed: Solo se completó una parte de una solicitud ReadProcessMemory o WriteProcessMemory. (0x12B)
[0510/162125.720:ERROR:process_memory_win.cc(73)] ReadMemory at 0x1dbb7d73be0 of 132 bytes failed: Solo se completó una parte de una solicitud ReadProcessMemory o WriteProcessMemory. (0x12B)
[0510/162125.720:ERROR:process_memory_win.cc(73)] ReadMemory at 0x1dbb7d73d10 of 132 bytes failed: Solo se completó una parte de una solicitud ReadProcessMemory o WriteProcessMemory. (0x12B)
[0510/162125.720:ERROR:process_memory_win.cc(73)] ReadMemory at 0x1dbb7d73e40 of 132 bytes failed: Solo se completó una parte de una solicitud ReadProcessMemory o WriteProcessMemory. (0x12B)
[0510/162125.720:ERROR:process_memory_win.cc(73)] ReadMemory at 0x1dbb7d73f70 of 132 bytes failed: Solo se completó una parte de una solicitud ReadProcessMemory o WriteProcessMemory. (0x12B)
[0510/162125.720:ERROR:process_memory_win.cc(73)] ReadMemory at 0x1dbb7d740a0 of 132 bytes failed: Solo se completó una parte de una solicitud ReadProcessMemory o WriteProcessMemory. (0x12B)
[0510/162125.720:ERROR:process_memory_win.cc(73)] ReadMemory at 0x1dbb7d741d0 of 132 bytes failed: Solo se completó una parte de una solicitud ReadProcessMemory o WriteProcessMemory. (0x12B)
[0510/162125.721:ERROR:process_memory_win.cc(73)] ReadMemory at 0x1dbb7d74300 of 132 bytes failed: Solo se completó una parte de una solicitud ReadProcessMemory o WriteProcessMemory. (0x12B)
[0510/162125.721:ERROR:process_memory_win.cc(73)] ReadMemory at 0x1dbb7d74430 of 132 bytes failed: Solo se completó una parte de una solicitud ReadProcessMemory o WriteProcessMemory. (0x12B)
[0510/162125.721:ERROR:process_memory_win.cc(73)] ReadMemory at 0x1dbb7d74560 of 132 bytes failed: Solo se completó una parte de una solicitud ReadProcessMemory o WriteProcessMemory. (0x12B)
[0510/162125.721:ERROR:process_memory_win.cc(73)] ReadMemory at 0x1dbb7d74690 of 132 bytes failed: Solo se completó una parte de una solicitud ReadProcessMemory o WriteProcessMemory. (0x12B)
[0510/162125.721:ERROR:process_memory_win.cc(73)] ReadMemory at 0x1dbb7d747c0 of 132 bytes failed: Solo se completó una parte de una solicitud ReadProcessMemory o WriteProcessMemory. (0x12B)
[0510/162125.721:ERROR:process_memory_win.cc(73)] ReadMemory at 0x1dbb7d748f0 of 132 bytes failed: Solo se completó una parte de una solicitud ReadProcessMemory o WriteProcessMemory. (0x12B)
[0510/162125.721:ERROR:process_memory_win.cc(73)] ReadMemory at 0x1dbb7d74a20 of 132 bytes failed: Solo se completó una parte de una solicitud ReadProcessMemory o WriteProcessMemory. (0x12B)
[0510/162125.721:ERROR:process_memory_win.cc(73)] ReadMemory at 0x1dbb7d74b50 of 132 bytes failed: Solo se completó una parte de una solicitud ReadProcessMemory o WriteProcessMemory. (0x12B)
[0510/162125.721:ERROR:process_memory_win.cc(73)] ReadMemory at 0x1dbb7d74c80 of 132 bytes failed: Solo se completó una parte de una solicitud ReadProcessMemory o WriteProcessMemory. (0x12B)
[0510/162125.721:ERROR:process_memory_win.cc(73)] ReadMemory at 0x1dbb7d74db0 of 132 bytes failed: Solo se completó una parte de una solicitud ReadProcessMemory o WriteProcessMemory. (0x12B)
[0510/162125.721:ERROR:process_memory_win.cc(73)] ReadMemory at 0x1dbb7d74ee0 of 132 bytes failed: Solo se completó una parte de una solicitud ReadProcessMemory o WriteProcessMemory. (0x12B)
[0510/162125.721:ERROR:process_memory_win.cc(73)] ReadMemory at 0x1dbb7d75010 of 132 bytes failed: Solo se completó una parte de una solicitud ReadProcessMemory o WriteProcessMemory. (0x12B)
[0510/162125.721:ERROR:process_memory_win.cc(73)] ReadMemory at 0x1dbb7d75140 of 132 bytes failed: Solo se completó una parte de una solicitud ReadProcessMemory o WriteProcessMemory. (0x12B)
[0510/162125.721:ERROR:process_memory_win.cc(73)] ReadMemory at 0x1dbb7d75270 of 132 bytes failed: Solo se completó una parte de una solicitud ReadProcessMemory o WriteProcessMemory. (0x12B)
[0510/162125.722:ERROR:process_memory_win.cc(73)] ReadMemory at 0x1dbb7d753a0 of 132 bytes failed: Solo se completó una parte de una solicitud ReadProcessMemory o WriteProcessMemory. (0x12B)
[0510/162125.722:ERROR:process_memory_win.cc(73)] ReadMemory at 0x1dbb7d754d0 of 132 bytes failed: Solo se completó una parte de una solicitud ReadProcessMemory o WriteProcessMemory. (0x12B)
[0510/162125.722:ERROR:process_memory_win.cc(73)] ReadMemory at 0x1dbb7d75600 of 132 bytes failed: Solo se completó una parte de una solicitud ReadProcessMemory o WriteProcessMemory. (0x12B)
[0510/162125.722:ERROR:process_memory_win.cc(73)] ReadMemory at 0x1dbb7d75730 of 132 bytes failed: Solo se completó una parte de una solicitud ReadProcessMemory o WriteProcessMemory. (0x12B)
[0510/162125.722:ERROR:process_memory_win.cc(73)] ReadMemory at 0x1dbb7d75860 of 132 bytes failed: Solo se completó una parte de una solicitud ReadProcessMemory o WriteProcessMemory. (0x12B)
[0510/162125.722:ERROR:process_memory_win.cc(73)] ReadMemory at 0x1dbb7d75990 of 132 bytes failed: Solo se completó una parte de una solicitud ReadProcessMemory o WriteProcessMemory. (0x12B)
[0510/162125.722:ERROR:process_memory_win.cc(73)] ReadMemory at 0x1dbb7d76540 of 80 bytes failed: Solo se completó una parte de una solicitud ReadProcessMemory o WriteProcessMemory. (0x12B)
[0510/162125.722:ERROR:process_memory_win.cc(73)] ReadMemory at 0x1dbb7d77620 of 66 bytes failed: Solo se completó una parte de una solicitud ReadProcessMemory o WriteProcessMemory. (0x12B)
[0510/162125.722:ERROR:process_memory_win.cc(73)] ReadMemory at 0x1dbb7d77850 of 58 bytes failed: Solo se completó una parte de una solicitud ReadProcessMemory o WriteProcessMemory. (0x12B)
[0510/162125.722:ERROR:process_memory_win.cc(73)] ReadMemory at 0x1dbb7d82800 of 54 bytes failed: Solo se completó una parte de una solicitud ReadProcessMemory o WriteProcessMemory. (0x12B)
[0510/162125.722:ERROR:process_memory_win.cc(73)] ReadMemory at 0x1dbb7d877f0 of 60 bytes failed: Solo se completó una parte de una solicitud ReadProcessMemory o WriteProcessMemory. (0x12B)
[0510/162125.722:ERROR:process_memory_win.cc(73)] ReadMemory at 0x1dbb7d87840 of 64 bytes failed: Solo se completó una parte de una solicitud ReadProcessMemory o WriteProcessMemory. (0x12B)
[0510/162125.722:ERROR:process_memory_win.cc(73)] ReadMemory at 0x1dbb7d87890 of 62 bytes failed: Solo se completó una parte de una solicitud ReadProcessMemory o WriteProcessMemory. (0x12B)
[0510/162125.722:ERROR:process_memory_win.cc(73)] ReadMemory at 0x1dbb7d87930 of 64 bytes failed: Solo se completó una parte de una solicitud ReadProcessMemory o WriteProcessMemory. (0x12B)
[0510/162125.722:ERROR:process_memory_win.cc(73)] ReadMemory at 0x1dbb7d87ac0 of 62 bytes failed: Solo se completó una parte de una solicitud ReadProcessMemory o WriteProcessMemory. (0x12B)
[0510/162125.723:ERROR:process_memory_win.cc(73)] ReadMemory at 0x1dbb7d87b10 of 60 bytes failed: Solo se completó una parte de una solicitud ReadProcessMemory o WriteProcessMemory. (0x12B)
[0510/162125.723:ERROR:process_memory_win.cc(73)] ReadMemory at 0x1dbb7d87ca0 of 64 bytes failed: Solo se completó una parte de una solicitud ReadProcessMemory o WriteProcessMemory. (0x12B)
[0510/162125.723:ERROR:process_memory_win.cc(73)] ReadMemory at 0x1dbb7d87cf0 of 64 bytes failed: Solo se completó una parte de una solicitud ReadProcessMemory o WriteProcessMemory. (0x12B)
[0510/162125.723:ERROR:process_memory_win.cc(73)] ReadMemory at 0x1dbb7d87d40 of 60 bytes failed: Solo se completó una parte de una solicitud ReadProcessMemory o WriteProcessMemory. (0x12B)
[0510/162125.723:ERROR:process_memory_win.cc(73)] ReadMemory at 0x1dbb7d87de0 of 58 bytes failed: Solo se completó una parte de una solicitud ReadProcessMemory o WriteProcessMemory. (0x12B)
[0510/162125.723:ERROR:process_memory_win.cc(73)] ReadMemory at 0x1dbb7d87e30 of 60 bytes failed: Solo se completó una parte de una solicitud ReadProcessMemory o WriteProcessMemory. (0x12B)
[0510/162125.723:ERROR:process_memory_win.cc(73)] ReadMemory at 0x1dbb7d87ed0 of 64 bytes failed: Solo se completó una parte de una solicitud ReadProcessMemory o WriteProcessMemory. (0x12B)
[0510/162125.723:ERROR:process_memory_win.cc(73)] ReadMemory at 0x1dbb7d87f20 of 60 bytes failed: Solo se completó una parte de una solicitud ReadProcessMemory o WriteProcessMemory. (0x12B)
[0510/162125.723:ERROR:process_memory_win.cc(73)] ReadMemory at 0x1dbb7d87f70 of 62 bytes failed: Solo se completó una parte de una solicitud ReadProcessMemory o WriteProcessMemory. (0x12B)
[0510/162125.723:ERROR:process_memory_win.cc(73)] ReadMemory at 0x1dbb7d87fc0 of 64 bytes failed: Solo se completó una parte de una solicitud ReadProcessMemory o WriteProcessMemory. (0x12B)
[0510/162125.723:ERROR:process_memory_win.cc(73)] ReadMemory at 0x1dbb7d88010 of 58 bytes failed: Solo se completó una parte de una solicitud ReadProcessMemory o WriteProcessMemory. (0x12B)
[0510/162125.723:ERROR:process_memory_win.cc(73)] ReadMemory at 0x1dbb7d88060 of 60 bytes failed: Solo se completó una parte de una solicitud ReadProcessMemory o WriteProcessMemory. (0x12B)
[0510/162125.723:ERROR:process_memory_win.cc(73)] ReadMemory at 0x1dbb7d880b0 of 64 bytes failed: Solo se completó una parte de una solicitud ReadProcessMemory o WriteProcessMemory. (0x12B)
[0510/162125.723:ERROR:process_memory_win.cc(73)] ReadMemory at 0x1dbb7d88100 of 68 bytes failed: Solo se completó una parte de una solicitud ReadProcessMemory o WriteProcessMemory. (0x12B)
[0510/162125.723:ERROR:process_memory_win.cc(73)] ReadMemory at 0x1dbb7d88150 of 62 bytes failed: Solo se completó una parte de una solicitud ReadProcessMemory o WriteProcessMemory. (0x12B)
[0510/162125.723:ERROR:process_memory_win.cc(73)] ReadMemory at 0x1dbb7d881a0 of 56 bytes failed: Solo se completó una parte de una solicitud ReadProcessMemory o WriteProcessMemory. (0x12B)
[0510/162125.724:ERROR:process_memory_win.cc(73)] ReadMemory at 0x1dbb7d88240 of 62 bytes failed: Solo se completó una parte de una solicitud ReadProcessMemory o WriteProcessMemory. (0x12B)
[0510/162125.724:ERROR:process_memory_win.cc(73)] ReadMemory at 0x1dbb7d88330 of 62 bytes failed: Solo se completó una parte de una solicitud ReadProcessMemory o WriteProcessMemory. (0x12B)
[0510/162125.724:ERROR:process_memory_win.cc(73)] ReadMemory at 0x1dbb7d88470 of 64 bytes failed: Solo se completó una parte de una solicitud ReadProcessMemory o WriteProcessMemory. (0x12B)
[0510/162125.724:ERROR:process_memory_win.cc(73)] ReadMemory at 0x1dbb7d88fc0 of 182 bytes failed: Solo se completó una parte de una solicitud ReadProcessMemory o WriteProcessMemory. (0x12B)
[0510/162125.724:ERROR:process_memory_win.cc(73)] ReadMemory at 0x1dbb7d8a000 of 146 bytes failed: Solo se completó una parte de una solicitud ReadProcessMemory o WriteProcessMemory. (0x12B)
[0510/162125.724:ERROR:process_memory_win.cc(73)] ReadMemory at 0x1dbb7d8a0d0 of 126 bytes failed: Solo se completó una parte de una solicitud ReadProcessMemory o WriteProcessMemory. (0x12B)
[0510/162125.724:ERROR:process_memory_win.cc(73)] ReadMemory at 0x1dbb7d8a460 of 132 bytes failed: Solo se completó una parte de una solicitud ReadProcessMemory o WriteProcessMemory. (0x12B)
[0510/162125.724:ERROR:process_memory_win.cc(73)] ReadMemory at 0x1dbb7d8a590 of 132 bytes failed: Solo se completó una parte de una solicitud ReadProcessMemory o WriteProcessMemory. (0x12B)
[0510/162125.724:ERROR:process_memory_win.cc(73)] ReadMemory at 0x1dbb7d8a6c0 of 132 bytes failed: Solo se completó una parte de una solicitud ReadProcessMemory o WriteProcessMemory. (0x12B)
[0510/162125.724:ERROR:process_memory_win.cc(73)] ReadMemory at 0x1dbb7d8a920 of 132 bytes failed: Solo se completó una parte de una solicitud ReadProcessMemory o WriteProcessMemory. (0x12B)
[0510/162125.724:ERROR:process_memory_win.cc(73)] ReadMemory at 0x1dbb7d8aa50 of 132 bytes failed: Solo se completó una parte de una solicitud ReadProcessMemory o WriteProcessMemory. (0x12B)
[0510/162125.724:ERROR:process_memory_win.cc(73)] ReadMemory at 0x1dbb7d8ab80 of 132 bytes failed: Solo se completó una parte de una solicitud ReadProcessMemory o WriteProcessMemory. (0x12B)
[0510/162125.724:ERROR:process_memory_win.cc(73)] ReadMemory at 0x1dbb7d8acb0 of 132 bytes failed: Solo se completó una parte de una solicitud ReadProcessMemory o WriteProcessMemory. (0x12B)
[0510/162125.725:ERROR:process_memory_win.cc(73)] ReadMemory at 0x1dbb7d8ade0 of 132 bytes failed: Solo se completó una parte de una solicitud ReadProcessMemory o WriteProcessMemory. (0x12B)
[0510/162125.725:ERROR:process_memory_win.cc(73)] ReadMemory at 0x1dbb7d8af10 of 132 bytes failed: Solo se completó una parte de una solicitud ReadProcessMemory o WriteProcessMemory. (0x12B)
[0510/162125.725:ERROR:process_memory_win.cc(73)] ReadMemory at 0x1dbb7d8b040 of 132 bytes failed: Solo se completó una parte de una solicitud ReadProcessMemory o WriteProcessMemory. (0x12B)
[0510/162125.725:ERROR:process_memory_win.cc(73)] ReadMemory at 0x1dbb7d8b170 of 132 bytes failed: Solo se completó una parte de una solicitud ReadProcessMemory o WriteProcessMemory. (0x12B)
[0510/162125.725:ERROR:process_memory_win.cc(73)] ReadMemory at 0x1dbb7d8b2a0 of 132 bytes failed: Solo se completó una parte de una solicitud ReadProcessMemory o WriteProcessMemory. (0x12B)
[0510/162125.725:ERROR:process_memory_win.cc(73)] ReadMemory at 0x1dbb7d8b3d0 of 132 bytes failed: Solo se completó una parte de una solicitud ReadProcessMemory o WriteProcessMemory. (0x12B)
[0510/162125.725:ERROR:process_memory_win.cc(73)] ReadMemory at 0x1dbb7d8b500 of 132 bytes failed: Solo se completó una parte de una solicitud ReadProcessMemory o WriteProcessMemory. (0x12B)
[0510/162125.725:ERROR:process_memory_win.cc(73)] ReadMemory at 0x1dbb7d8b630 of 132 bytes failed: Solo se completó una parte de una solicitud ReadProcessMemory o WriteProcessMemory. (0x12B)
[0510/162125.725:ERROR:process_memory_win.cc(73)] ReadMemory at 0x1dbb7d8b760 of 132 bytes failed: Solo se completó una parte de una solicitud ReadProcessMemory o WriteProcessMemory. (0x12B)
[0510/162125.725:ERROR:process_memory_win.cc(73)] ReadMemory at 0x1dbb7d8b890 of 132 bytes failed: Solo se completó una parte de una solicitud ReadProcessMemory o WriteProcessMemory. (0x12B)
[0510/162125.725:ERROR:process_memory_win.cc(73)] ReadMemory at 0x1dbb7d8b9c0 of 132 bytes failed: Solo se completó una parte de una solicitud ReadProcessMemory o WriteProcessMemory. (0x12B)
[0510/162125.725:ERROR:process_memory_win.cc(73)] ReadMemory at 0x1dbb7d8baf0 of 132 bytes failed: Solo se completó una parte de una solicitud ReadProcessMemory o WriteProcessMemory. (0x12B)
[0510/162125.725:ERROR:process_memory_win.cc(73)] ReadMemory at 0x1dbb7d8bc20 of 132 bytes failed: Solo se completó una parte de una solicitud ReadProcessMemory o WriteProcessMemory. (0x12B)
[0510/162125.725:ERROR:process_memory_win.cc(73)] ReadMemory at 0x1dbb7d8bd50 of 132 bytes failed: Solo se completó una parte de una solicitud ReadProcessMemory o WriteProcessMemory. (0x12B)
[0510/162125.725:ERROR:process_memory_win.cc(73)] ReadMemory at 0x1dbb7d8be80 of 132 bytes failed: Solo se completó una parte de una solicitud ReadProcessMemory o WriteProcessMemory. (0x12B)
[0510/162125.726:ERROR:process_memory_win.cc(73)] ReadMemory at 0x1dbb7d8bfb0 of 132 bytes failed: Solo se completó una parte de una solicitud ReadProcessMemory o WriteProcessMemory. (0x12B)
[0510/162125.726:ERROR:process_memory_win.cc(73)] ReadMemory at 0x1dbb7d8c0e0 of 132 bytes failed: Solo se completó una parte de una solicitud ReadProcessMemory o WriteProcessMemory. (0x12B)
[0510/162125.726:ERROR:process_memory_win.cc(73)] ReadMemory at 0x1dbb7d8c210 of 132 bytes failed: Solo se completó una parte de una solicitud ReadProcessMemory o WriteProcessMemory. (0x12B)
[0510/162125.726:ERROR:process_memory_win.cc(73)] ReadMemory at 0x1dbb7d8c600 of 246 bytes failed: Solo se completó una parte de una solicitud ReadProcessMemory o WriteProcessMemory. (0x12B)
[0510/162125.726:ERROR:process_memory_win.cc(73)] ReadMemory at 0x1dbb7d8db50 of 72 bytes failed: Solo se completó una parte de una solicitud ReadProcessMemory o WriteProcessMemory. (0x12B)
[0510/162125.726:ERROR:process_memory_win.cc(73)] ReadMemory at 0x1dbb7d8dc70 of 76 bytes failed: Solo se completó una parte de una solicitud ReadProcessMemory o WriteProcessMemory. (0x12B)
[0510/162125.726:ERROR:process_memory_win.cc(73)] ReadMemory at 0x1dbb7d931d0 of 52 bytes failed: Solo se completó una parte de una solicitud ReadProcessMemory o WriteProcessMemory. (0x12B)
[0510/162125.726:ERROR:process_memory_win.cc(73)] ReadMemory at 0x1dbb7d93ed0 of 64 bytes failed: Solo se completó una parte de una solicitud ReadProcessMemory o WriteProcessMemory. (0x12B)
[0510/162125.726:ERROR:process_memory_win.cc(73)] ReadMemory at 0x1dbb7d941f0 of 60 bytes failed: Solo se completó una parte de una solicitud ReadProcessMemory o WriteProcessMemory. (0x12B)
[0510/162125.726:ERROR:process_memory_win.cc(73)] ReadMemory at 0x1dbb7d94380 of 60 bytes failed: Solo se completó una parte de una solicitud ReadProcessMemory o WriteProcessMemory. (0x12B)
[0510/162125.726:ERROR:process_memory_win.cc(73)] ReadMemory at 0x1dbb7d947e0 of 62 bytes failed: Solo se completó una parte de una solicitud ReadProcessMemory o WriteProcessMemory. (0x12B)
[0510/162125.726:ERROR:process_memory_win.cc(73)] ReadMemory at 0x1dbb7dafad0 of 58 bytes failed: Solo se completó una parte de una solicitud ReadProcessMemory o WriteProcessMemory. (0x12B)
[0510/162125.726:ERROR:process_memory_win.cc(73)] ReadMemory at 0x1dbb7dafb20 of 58 bytes failed: Solo se completó una parte de una solicitud ReadProcessMemory o WriteProcessMemory. (0x12B)
[0510/162125.726:ERROR:process_memory_win.cc(73)] ReadMemory at 0x1dbb7dafd00 of 58 bytes failed: Solo se completó una parte de una solicitud ReadProcessMemory o WriteProcessMemory. (0x12B)
[0510/162125.726:ERROR:process_memory_win.cc(73)] ReadMemory at 0x1dbb7db0110 of 62 bytes failed: Solo se completó una parte de una solicitud ReadProcessMemory o WriteProcessMemory. (0x12B)
[0510/162125.727:ERROR:process_memory_win.cc(73)] ReadMemory at 0x1dbb7db0390 of 68 bytes failed: Solo se completó una parte de una solicitud ReadProcessMemory o WriteProcessMemory. (0x12B)
[0510/162125.727:ERROR:process_memory_win.cc(73)] ReadMemory at 0x1dbb7db03e0 of 60 bytes failed: Solo se completó una parte de una solicitud ReadProcessMemory o WriteProcessMemory. (0x12B)
[0510/162125.737:ERROR:process_memory_win.cc(73)] ReadMemory at 0x1dbb7db06b0 of 56 bytes failed: Solo se completó una parte de una solicitud ReadProcessMemory o WriteProcessMemory. (0x12B)
[0510/162125.737:ERROR:process_memory_win.cc(73)] ReadMemory at 0x1dbb7db0700 of 70 bytes failed: Solo se completó una parte de una solicitud ReadProcessMemory o WriteProcessMemory. (0x12B)
[0510/162125.737:ERROR:process_memory_win.cc(73)] ReadMemory at 0x1dbb7dc4e48 of 512 bytes failed: Solo se completó una parte de una solicitud ReadProcessMemory o WriteProcessMemory. (0x12B)
[0510/162125.737:ERROR:process_memory_win.cc(73)] ReadMemory at 0x1dbb7dc9dd0 of 60 bytes failed: Solo se completó una parte de una solicitud ReadProcessMemory o WriteProcessMemory. (0x12B)
[0510/162125.737:ERROR:process_memory_win.cc(73)] ReadMemory at 0x1dbb7dca140 of 60 bytes failed: Solo se completó una parte de una solicitud ReadProcessMemory o WriteProcessMemory. (0x12B)
[0510/162125.737:ERROR:process_memory_win.cc(73)] ReadMemory at 0x1dbb7dd1330 of 194 bytes failed: Solo se completó una parte de una solicitud ReadProcessMemory o WriteProcessMemory. (0x12B)
[0510/162125.737:ERROR:process_memory_win.cc(73)] ReadMemory at 0x1dbb7ddea80 of 132 bytes failed: Solo se completó una parte de una solicitud ReadProcessMemory o WriteProcessMemory. (0x12B)
[0510/162125.737:ERROR:process_memory_win.cc(73)] ReadMemory at 0x1dbb7ddece0 of 132 bytes failed: Solo se completó una parte de una solicitud ReadProcessMemory o WriteProcessMemory. (0x12B)
[0510/162125.737:ERROR:process_memory_win.cc(73)] ReadMemory at 0x1dbb7ddee10 of 132 bytes failed: Solo se completó una parte de una solicitud ReadProcessMemory o WriteProcessMemory. (0x12B)
[0510/162125.772:ERROR:process_memory_win.cc(73)] ReadMemory at 0x1dbb7ddf070 of 132 bytes failed: Solo se completó una parte de una solicitud ReadProcessMemory o WriteProcessMemory. (0x12B)
[0510/162125.772:ERROR:process_memory_win.cc(73)] ReadMemory at 0x1dbb7ddf9f0 of 132 bytes failed: Solo se completó una parte de una solicitud ReadProcessMemory o WriteProcessMemory. (0x12B)
[0510/162125.772:ERROR:process_memory_win.cc(73)] ReadMemory at 0x1dbb7ddfb20 of 132 bytes failed: Solo se completó una parte de una solicitud ReadProcessMemory o WriteProcessMemory. (0x12B)
[0510/162125.772:ERROR:process_memory_win.cc(73)] ReadMemory at 0x1dbb7ddffe0 of 132 bytes failed: Solo se completó una parte de una solicitud ReadProcessMemory o WriteProcessMemory. (0x12B)
[0510/162125.773:ERROR:process_memory_win.cc(73)] ReadMemory at 0x1dbb7de0110 of 132 bytes failed: Solo se completó una parte de una solicitud ReadProcessMemory o WriteProcessMemory. (0x12B)
[0510/162125.773:ERROR:process_memory_win.cc(73)] ReadMemory at 0x1dbb7de0370 of 132 bytes failed: Solo se completó una parte de una solicitud ReadProcessMemory o WriteProcessMemory. (0x12B)
[0510/162125.773:ERROR:process_memory_win.cc(73)] ReadMemory at 0x1dbb7de0700 of 132 bytes failed: Solo se completó una parte de una solicitud ReadProcessMemory o WriteProcessMemory. (0x12B)
[0510/162125.773:ERROR:process_memory_win.cc(73)] ReadMemory at 0x1dbb7e28bd0 of 62 bytes failed: Solo se completó una parte de una solicitud ReadProcessMemory o WriteProcessMemory. (0x12B)
[0510/162125.773:ERROR:process_memory_win.cc(73)] ReadMemory at 0x1dbb7e28cc0 of 64 bytes failed: Solo se completó una parte de una solicitud ReadProcessMemory o WriteProcessMemory. (0x12B)
[0510/162125.773:ERROR:process_memory_win.cc(73)] ReadMemory at 0x1dbb8041c00 of 512 bytes failed: Solo se completó una parte de una solicitud ReadProcessMemory o WriteProcessMemory. (0x12B)
[0510/162125.773:ERROR:process_memory_win.cc(73)] ReadMemory at 0x1dbb807ff80 of 512 bytes failed: Solo se completó una parte de una solicitud ReadProcessMemory o WriteProcessMemory. (0x12B)
[0510/162125.773:ERROR:process_memory_win.cc(73)] ReadMemory at 0x1dbb9881cc0 of 512 bytes failed: Solo se completó una parte de una solicitud ReadProcessMemory o WriteProcessMemory. (0x12B)
[0510/162125.773:ERROR:process_memory_win.cc(73)] ReadMemory at 0x1dbb9892f50 of 512 bytes failed: Solo se completó una parte de una solicitud ReadProcessMemory o WriteProcessMemory. (0x12B)
[0510/162125.773:ERROR:process_memory_win.cc(73)] ReadMemory at 0x1dbb98afbe0 of 512 bytes failed: Solo se completó una parte de una solicitud ReadProcessMemory o WriteProcessMemory. (0x12B)
[0510/162125.774:ERROR:process_memory_win.cc(73)] ReadMemory at 0x1dbc07779d0 of 190 bytes failed: Solo se completó una parte de una solicitud ReadProcessMemory o WriteProcessMemory. (0x12B)
[0510/162125.774:ERROR:process_memory_win.cc(73)] ReadMemory at 0x1dbc0777d10 of 194 bytes failed: Solo se completó una parte de una solicitud ReadProcessMemory o WriteProcessMemory. (0x12B)
[0510/162125.774:ERROR:process_memory_win.cc(73)] ReadMemory at 0x1dbc0792180 of 66 bytes failed: Solo se completó una parte de una solicitud ReadProcessMemory o WriteProcessMemory. (0x12B)
[0510/162125.774:ERROR:process_memory_win.cc(73)] ReadMemory at 0x1dbc07d21f0 of 512 bytes failed: Solo se completó una parte de una solicitud ReadProcessMemory o WriteProcessMemory. (0x12B)
[0510/162125.774:ERROR:process_memory_win.cc(73)] ReadMemory at 0x1dbc07f4a70 of 512 bytes failed: Solo se completó una parte de una solicitud ReadProcessMemory o WriteProcessMemory. (0x12B)
[0510/162125.774:ERROR:process_memory_win.cc(73)] ReadMemory at 0x1dbc080eda0 of 512 bytes failed: Solo se completó una parte de una solicitud ReadProcessMemory o WriteProcessMemory. (0x12B)
[0510/162125.774:ERROR:process_memory_win.cc(73)] ReadMemory at 0x1dbc08129a0 of 512 bytes failed: Solo se completó una parte de una solicitud ReadProcessMemory o WriteProcessMemory. (0x12B)
[0510/162125.774:ERROR:process_memory_win.cc(73)] ReadMemory at 0x1dbc2533040 of 512 bytes failed: Solo se completó una parte de una solicitud ReadProcessMemory o WriteProcessMemory. (0x12B)
[0510/162125.774:ERROR:process_memory_win.cc(73)] ReadMemory at 0x1dbc2a2c6d0 of 58 bytes failed: Solo se completó una parte de una solicitud ReadProcessMemory o WriteProcessMemory. (0x12B)
[0510/162125.774:ERROR:process_memory_win.cc(73)] ReadMemory at 0x1dbc2a2c950 of 62 bytes failed: Solo se completó una parte de una solicitud ReadProcessMemory o WriteProcessMemory. (0x12B)
[0510/162125.775:ERROR:process_memory_win.cc(73)] ReadMemory at 0x1dbc2a2d710 of 62 bytes failed: Solo se completó una parte de una solicitud ReadProcessMemory o WriteProcessMemory. (0x12B)
[0510/162125.775:ERROR:process_memory_win.cc(73)] ReadMemory at 0x1dbc2ab50d0 of 74 bytes failed: Solo se completó una parte de una solicitud ReadProcessMemory o WriteProcessMemory. (0x12B)
[0510/162125.775:ERROR:process_memory_win.cc(73)] ReadMemory at 0x1dbc2b673a0 of 512 bytes failed: Solo se completó una parte de una solicitud ReadProcessMemory o WriteProcessMemory. (0x12B)
[0510/162125.775:ERROR:process_memory_win.cc(73)] ReadMemory at 0x1dbc3ef4d68 of 512 bytes failed: Solo se completó una parte de una solicitud ReadProcessMemory o WriteProcessMemory. (0x12B)
[0510/162125.775:ERROR:process_memory_win.cc(73)] ReadMemory at 0x1dbc41163c0 of 512 bytes failed: Solo se completó una parte de una solicitud ReadProcessMemory o WriteProcessMemory. (0x12B)
[0510/162125.775:ERROR:process_memory_win.cc(73)] ReadMemory at 0x1dbc4196620 of 512 bytes failed: Solo se completó una parte de una solicitud ReadProcessMemory o WriteProcessMemory. (0x12B)
[0510/162125.775:ERROR:process_memory_win.cc(73)] ReadMemory at 0x1dbc449a758 of 512 bytes failed: Solo se completó una parte de una solicitud ReadProcessMemory o WriteProcessMemory. (0x12B)
[0510/162125.775:ERROR:process_memory_win.cc(73)] ReadMemory at 0x1dbc46d7380 of 512 bytes failed: Solo se completó una parte de una solicitud ReadProcessMemory o WriteProcessMemory. (0x12B)
[0510/162125.775:ERROR:process_memory_win.cc(73)] ReadMemory at 0x1dbc46dab80 of 512 bytes failed: Solo se completó una parte de una solicitud ReadProcessMemory o WriteProcessMemory. (0x12B)
[0510/162125.776:ERROR:process_memory_win.cc(73)] ReadMemory at 0x1dbc489ac90 of 544 bytes failed: Solo se completó una parte de una solicitud ReadProcessMemory o WriteProcessMemory. (0x12B)
[0510/162125.776:ERROR:process_memory_win.cc(73)] ReadMemory at 0x1dbc494d70c of 512 bytes failed: Solo se completó una parte de una solicitud ReadProcessMemory o WriteProcessMemory. (0x12B)
[0510/162125.776:ERROR:process_memory_win.cc(73)] ReadMemory at 0x1dbc4950810 of 512 bytes failed: Solo se completó una parte de una solicitud ReadProcessMemory o WriteProcessMemory. (0x12B)
[0510/162125.776:ERROR:process_memory_win.cc(73)] ReadMemory at 0x1dbc4950c90 of 512 bytes failed: Solo se completó una parte de una solicitud ReadProcessMemory o WriteProcessMemory. (0x12B)
[0510/162125.776:ERROR:process_memory_win.cc(73)] ReadMemory at 0x1dbc4a653a0 of 512 bytes failed: Solo se completó una parte de una solicitud ReadProcessMemory o WriteProcessMemory. (0x12B)
[0510/162125.776:ERROR:process_memory_win.cc(73)] ReadMemory at 0x1dbc4a65ba0 of 512 bytes failed: Solo se completó una parte de una solicitud ReadProcessMemory o WriteProcessMemory. (0x12B)
[0510/162125.776:ERROR:process_memory_win.cc(73)] ReadMemory at 0x7ffc68beb1b1 of 512 bytes failed: Solo se completó una parte de una solicitud ReadProcessMemory o WriteProcessMemory. (0x12B)
[0510/162125.776:ERROR:process_memory_win.cc(73)] ReadMemory at 0x7ffc6a0a2f0f of 512 bytes failed: Solo se completó una parte de una solicitud ReadProcessMemory o WriteProcessMemory. (0x12B)
[0510/162125.776:ERROR:process_memory_win.cc(73)] ReadMemory at 0x7ffc6c898d20 of 512 bytes failed: Solo se completó una parte de una solicitud ReadProcessMemory o WriteProcessMemory. (0x12B)
[0510/162125.776:ERROR:process_memory_win.cc(73)] ReadMemory at 0x7ffc6c97fdd8 of 512 bytes failed: Solo se completó una parte de una solicitud ReadProcessMemory o WriteProcessMemory. (0x12B)
[0510/162125.777:ERROR:process_memory_win.cc(73)] ReadMemory at 0x7ffca27d0000 of 384 bytes failed: Solo se completó una parte de una solicitud ReadProcessMemory o WriteProcessMemory. (0x12B)
[0510/162125.777:ERROR:process_memory_win.cc(73)] ReadMemory at 0x7ffca2d75fd0 of 512 bytes failed: Solo se completó una parte de una solicitud ReadProcessMemory o WriteProcessMemory. (0x12B)
[0510/162128.459:ERROR:process_memory_win.cc(73)] ReadMemory at 0x7ffca2f91360 of 512 bytes failed: Solo se completó una parte de una solicitud ReadProcessMemory o WriteProcessMemory. (0x12B)
[0510/162128.459:ERROR:process_memory_win.cc(73)] ReadMemory at 0x7ffcb31e9884 of 512 bytes failed: Solo se completó una parte de una solicitud ReadProcessMemory o WriteProcessMemory. (0x12B)
[0510/162128.459:ERROR:process_memory_win.cc(73)] ReadMemory at 0x7ffcb63e21f0 of 512 bytes failed: Solo se completó una parte de una solicitud ReadProcessMemory o WriteProcessMemory. (0x12B)
[0510/162128.460:ERROR:process_memory_win.cc(73)] ReadMemory at 0x7ffcb64cf4b0 of 512 bytes failed: Solo se completó una parte de una solicitud ReadProcessMemory o WriteProcessMemory. (0x12B)
[0510/162128.460:ERROR:process_memory_win.cc(73)] ReadMemory at 0x7ffcb70bff00 of 512 bytes failed: Solo se completó una parte de una solicitud ReadProcessMemory o WriteProcessMemory. (0x12B)
[0510/162128.460:ERROR:process_memory_win.cc(73)] ReadMemory at 0x7ffcb710f694 of 672 bytes failed: Solo se completó una parte de una solicitud ReadProcessMemory o WriteProcessMemory. (0x12B)
[0510/162128.460:ERROR:process_memory_win.cc(73)] ReadMemory at 0x7ffcb710fc94 of 512 bytes failed: Solo se completó una parte de una solicitud ReadProcessMemory o WriteProcessMemory. (0x12B)
[0510/162128.461:ERROR:process_memory_win.cc(73)] ReadMemory at 0x7ffcb7112f84 of 512 bytes failed: Solo se completó una parte de una solicitud ReadProcessMemory o WriteProcessMemory. (0x12B)
[0510/162128.461:ERROR:process_memory_win.cc(73)] ReadMemory at 0x7ffcb719c0c8 of 18 bytes failed: Solo se completó una parte de una solicitud ReadProcessMemory o WriteProcessMemory. (0x12B)
[0510/162128.461:ERROR:process_memory_win.cc(73)] ReadMemory at 0x7ffcb71cf4f8 of 40 bytes failed: Solo se completó una parte de una solicitud ReadProcessMemory o WriteProcessMemory. (0x12B)
[0510/162128.461:ERROR:process_memory_win.cc(73)] ReadMemory at 0x7ffcb71cf978 of 48 bytes failed: Solo se completó una parte de una solicitud ReadProcessMemory o WriteProcessMemory. (0x12B)
[0510/162128.461:ERROR:process_memory_win.cc(73)] ReadMemory at 0x7ffcb71d53a0 of 64 bytes failed: Solo se completó una parte de una solicitud ReadProcessMemory o WriteProcessMemory. (0x12B)
[0510/162128.463:ERROR:scoped_process_suspend.cc(40)] NtResumeProcess: Se intentó obtener acceso a un proceso que está cerrándose. (0xc000010a)
